2023-10-26 20:15:31 : akshat : CREATE TABLE students (id int, name string, class int);
2023-10-26 20:15:31 : akshat : INSERT INTO students (id, name, class) VALUES (1, 'jay', 10);
2023-10-26 20:15:31 : akshat : INSERT INTO students (id, name, class) VALUES (2, 'aakash', 12);
2023-10-26 20:15:31 : akshat : SELECT * FROM students;
2023-10-26 20:15:31 : akshat : SELECT id,name FROM students;
2023-10-26 20:18:34 : akshat : CREATE TABLE students (id int, name string, class int)
2023-10-26 20:18:35 : akshat : INSERT INTO students (id, name, class) VALUES (1, 'jay', 10);
2023-10-26 20:18:35 : akshat : INSERT INTO students (id, name, class) VALUES (2, 'aakash', 12);
2023-10-26 20:18:35 : akshat : UPDATE students SET name=ankit WHERE id=1;
2023-10-26 20:18:35 : akshat : SELECT * FROM students;
2023-10-26 20:23:03 : akshat : CREATE TABLE students (id int, name string, class int);
2023-10-26 20:25:14 : akshat : CREATE TABLE students (id int, name string, class int);
2023-10-26 20:27:16 : akshat : CREATE TABLE students (id int, name string, class int);
2023-10-26 21:03:53 : akshat : CREATE TABLE students (id int, name string, class int);
2023-10-26 21:06:38 : akshat : CREATE TABLE students (id int, name string, class int);
2023-10-26 21:09:12 : akshat : CREATE TABLE students (id int, name string, class int);
2023-10-26 21:17:50 : akshat : CREATE TABLE students (id int, name string, class int);
2023-10-26 21:17:50 : akshat : INSERT INTO students (id, name, class) VALUES (1, 'jay', 10);
2023-10-26 21:17:50 : akshat : INSERT INTO students (id, name, class) VALUES (2, 'aakash', 12);
2023-10-26 21:17:50 : akshat : SELECT * FROM students;
2023-10-26 21:29:08 : akshat : CREATE TABLE students (id int, name string, class int);
2023-10-26 21:29:08 : akshat : INSERT INTO students (id, name, class) VALUES (1, 'jay', 10);
2023-10-26 21:29:08 : akshat : INSERT INTO students (id, name, class) VALUES (2, 'aakash', 12);
2023-10-26 21:31:28 : akshat : CREATE TABLE students (id int, name string, class int);
2023-10-26 21:31:28 : akshat : INSERT INTO students (id, name, class) VALUES (1, 'jay', 10);
2023-10-26 21:31:28 : akshat : INSERT INTO students (id, name, class) VALUES (2, 'aakash', 12);
2023-10-26 21:31:28 : akshat : SELECT * FROM students;
